<?xml version="1.0" encoding="UTF-8"?>
<!-- Generated by org.testng.reporters.JUnitReportReporter -->
<testsuite skipped="0" hostname="Hasee-PC" name="seleniumWithTestNG.WhoIsThis" tests="1" failures="0" timestamp="03 Jul 2017 17:11:37 GMT" time="0.038" errors="0">
  <testcase name="whoIsThis" time="0.038" classname="seleniumWithTestNG.WhoIsThis"/>
</testsuite> <!-- seleniumWithTestNG.WhoIsThis -->
