<?xml version="1.0" encoding="UTF-8"?>
<!-- Generated by org.testng.reporters.JUnitReportReporter -->
<testsuite skipped="0" hostname="Hasee-PC" name="seleniumWithTestNG.ParametrizationExample" tests="1" failures="0" timestamp="03 Jul 2017 17:28:41 GMT" time="6.678" errors="0">
  <testcase name="openGoogle" time="6.678" classname="seleniumWithTestNG.ParametrizationExample"/>
</testsuite> <!-- seleniumWithTestNG.ParametrizationExample -->
