<?xml version="1.0" encoding="UTF-8"?>
<!-- Generated by org.testng.reporters.JUnitReportReporter -->
<testsuite skipped="0" hostname="Hasee-PC" name="seleniumWithTestNG.MyBrowserMyRules" tests="1" failures="0" timestamp="03 Jul 2017 17:52:16 GMT" time="5.825" errors="0">
  <testcase name="openGoogle" time="5.825" classname="seleniumWithTestNG.MyBrowserMyRules"/>
</testsuite> <!-- seleniumWithTestNG.MyBrowserMyRules -->
