<?xml version="1.0" encoding="UTF-8"?>
<!-- Generated by org.testng.reporters.JUnitReportReporter -->
<testsuite skipped="0" hostname="Hasee-PC" name="seleniumWithTestNG.OpenGoogle" tests="1" failures="0" timestamp="02 Jul 2017 16:40:10 GMT" time="4.057" errors="0">
  <testcase name="openGoogle" time="4.057" classname="seleniumWithTestNG.OpenGoogle"/>
</testsuite> <!-- seleniumWithTestNG.OpenGoogle -->
