<?xml version="1.0" encoding="UTF-8"?>
<!-- Generated by org.testng.reporters.JUnitReportReporter -->
<testsuite skipped="0" hostname="Hasee-PC" name="ramya.OpenGoogle" tests="1" failures="0" timestamp="07 Jun 2017 15:22:28 GMT" time="28.520" errors="0">
  <testcase name="openGoogle" time="28.520" classname="ramya.OpenGoogle"/>
</testsuite> <!-- ramya.OpenGoogle -->
